<?xml version="1.0" encoding="UTF-8"?>
<!-- Generated by org.testng.reporters.JUnitReportReporter -->
<testsuite skipped="0" hostname="MSI" name="seleniuminterviewquestions.VerifyCollapsedAndExpandedObjectInSelenium" tests="1" failures="0" timestamp="12 Sep 2017 03:28:46 GMT" time="19.927" errors="0">
  <testcase name="verifyCollapsedAndExpandedObjectInSelenium" time="19.927" classname="seleniuminterviewquestions.VerifyCollapsedAndExpandedObjectInSelenium"/>
</testsuite> <!-- seleniuminterviewquestions.VerifyCollapsedAndExpandedObjectInSelenium -->
