<?xml version="1.0" encoding="UTF-8"?>
<!-- Generated by org.testng.reporters.JUnitReportReporter -->
<testsuite skipped="0" hostname="MSI" name="seleniuminterviewquestions.ScrollFunction" tests="1" failures="0" timestamp="19 Sep 2017 06:05:07 GMT" time="19.168" errors="0">
  <testcase name="scrollVerify" time="19.168" classname="seleniuminterviewquestions.ScrollFunction"/>
</testsuite> <!-- seleniuminterviewquestions.ScrollFunction -->
