<?xml version="1.0" encoding="UTF-8"?>
<!-- Generated by org.testng.reporters.JUnitReportReporter -->
<testsuite skipped="0" hostname="MSI" name="seleniuminterviewquestions.VerifyPriceFilter" tests="1" failures="0" timestamp="19 Sep 2017 07:32:42 GMT" time="18.100" errors="0">
  <testcase name="verifyPriceFilter" time="18.100" classname="seleniuminterviewquestions.VerifyPriceFilter"/>
</testsuite> <!-- seleniuminterviewquestions.VerifyPriceFilter -->
