<?xml version="1.0" encoding="UTF-8"?>
<!-- Generated by org.testng.reporters.JUnitReportReporter -->
<testsuite skipped="0" hostname="MSI" name="seleniuminterviewquestions.Practice" tests="1" failures="0" timestamp="12 Sep 2017 02:44:39 GMT" time="8.330" errors="0">
  <testcase name="MouseOverTest" time="8.330" classname="seleniuminterviewquestions.Practice"/>
</testsuite> <!-- seleniuminterviewquestions.Practice -->
