<?xml version="1.0" encoding="UTF-8"?>
<!-- Generated by org.testng.reporters.JUnitReportReporter -->
<testsuite skipped="0" hostname="MSI" name="seleniuminterviewquestions.AllSeleniumExamples" tests="1" failures="0" timestamp="08 Sep 2017 02:45:50 GMT" time="6.365" errors="0">
  <testcase name="Example1" time="6.365" classname="seleniuminterviewquestions.AllSeleniumExamples"/>
</testsuite> <!-- seleniuminterviewquestions.AllSeleniumExamples -->
