<?xml version="1.0" encoding="UTF-8"?>
<!-- Generated by org.testng.reporters.JUnitReportReporter -->
<testsuite skipped="0" hostname="MSI" name="seleniuminterviewquestions.VerifyFilters" tests="1" failures="0" timestamp="19 Sep 2017 03:13:34 GMT" time="38.666" errors="0">
  <testcase name="verifyFilters" time="38.666" classname="seleniuminterviewquestions.VerifyFilters"/>
</testsuite> <!-- seleniuminterviewquestions.VerifyFilters -->
