<?xml version="1.0" encoding="UTF-8"?>
<!-- Generated by org.testng.reporters.JUnitReportReporter -->
<testsuite skipped="0" hostname="MSI" name="seleniuminterviewquestions.VerifyDisableObject" tests="1" failures="0" timestamp="19 Sep 2017 05:33:47 GMT" time="12.754" errors="0">
  <testcase name="verifyDisabledObject" time="12.754" classname="seleniuminterviewquestions.VerifyDisableObject"/>
</testsuite> <!-- seleniuminterviewquestions.VerifyDisableObject -->
