<?xml version="1.0" encoding="UTF-8"?>
<!-- Generated by org.testng.reporters.JUnitReportReporter -->
<testsuite skipped="0" hostname="MSI" name="seleniuminterviewquestions.Dropdowns" tests="1" failures="0" timestamp="19 Sep 2017 01:29:36 GMT" time="6.502" errors="0">
  <testcase name="FindDuplicatesInDropdown" time="6.502" classname="seleniuminterviewquestions.Dropdowns"/>
</testsuite> <!-- seleniuminterviewquestions.Dropdowns -->
